8.5440 11.7873
4.4703 6.8716
9.0863 11.4131
9.4285 11.8444
7.7386 9.6431
1.8692 3.9115
1.2844 3.4475
4.9210 6.9816
9.5315 10.8484
5.0553 7.6035
6.9876 9.8702
4.5777 6.3396
0.4868 2.5254
4.3853 6.8330
5.2291 7.4243
3.4379 4.6765
6.5569 8.5174
4.6717 7.2145
8.0159 10.7961
7.5791 9.8411
3.2322 5.3825
6.4112 8.7133
4.5795 6.6069
6.6344 7.7657
7.4945 8.7276
3.7304 5.7351
8.7361 10.2484
8.3066 9.5790
5.5954 7.3996
2.5887 4.6650
5.7701 7.7240
3.2369 5.3426
9.8847 10.7260
0.4675 2.4003
2.9609 5.6755
5.1376 6.7050
4.9518 7.3450
8.1374 10.3458
4.0808 5.5082
4.6498 6.8969
7.5961 9.7102
4.1177 6.1799
3.6718 5.7983
3.3403 5.3133
1.5603 3.4142
7.4490 9.8588
5.9219 8.8526
1.8132 3.7519
4.1785 5.7732
3.3411 5.3691
0.3336 2.3212
4.3491 5.9234
4.8681 7.1519
9.3027 12.3138
2.4314 4.6490
9.7191 11.9942
8.2818 9.8235
1.9500 4.0373
8.7674 11.0402
6.2796 9.0899
3.9235 5.9290
4.0332 6.0229
7.3642 9.8444
2.3477 4.5192
3.9040 5.6449
1.6936 3.6287
6.2432 7.1487
7.6989 9.9754
2.8898 5.2612
1.8841 3.9910
5.2664 7.5072
3.7734 6.0684
8.0805 9.1634
9.8597 13.8767
3.9677 6.1779
0.1822 2.2086
7.6212 10.3490
0.3658 2.3927
3.8244 5.8977
6.1017 8.2516
4.9716 7.2667
3.4184 5.9653
6.2340 8.1481
4.6482 6.7031
1.0896 3.0673
0.3443 2.3081
1.0344 2.8743
1.0044 3.0164
9.5651 9.9787
4.7258 6.4113
6.6356 9.4616
0.0103 2.0110
6.7245 9.0889
5.2914 7.7062
3.7525 6.2839
4.5737 6.4099
6.3135 8.3082
6.3474 8.9501
3.1223 4.9003
5.7427 5.8329
6.3924 7.5055
2.3124 4.4810
2.1105 4.0590
0.0715 2.0765
2.3982 4.6572
1.2131 3.2715
2.1444 4.2073
5.3202 7.4365
6.8236 7.9810
8.7501 10.9856
0.9621 2.8516
7.3366 9.5257
6.4126 8.9119
8.2812 10.3369
1.8168 4.0055
6.6333 8.2527
7.1699 9.7669
2.5573 4.2476
4.5228 6.9863
5.0898 7.2383
1.7587 3.9363
6.8899 8.2588
6.6156 9.3370
2.4707 4.0468
9.5872 11.1099
4.4951 6.1727
7.8072 10.5537
5.8925 7.6762
5.0353 7.1313
6.5750 9.4015
5.6668 7.9693
2.7560 4.7096
3.9538 5.5161
6.3682 7.8640
2.4327 4.1015
3.7697 5.6849
7.8948 9.8463
3.1376 5.3444
7.7080 9.2867
0.3444 2.3116
6.0205 8.4477
1.9812 3.9846
6.4249 9.0602
6.7844 10.1929
5.9689 7.8402
7.3684 8.5866
7.5943 8.4919
6.1811 8.5118
6.4214 7.8833
3.5295 5.1882
5.2483 6.7302
0.1351 2.1661
7.1588 8.5040
6.2171 7.2992
9.2057 12.4927
9.7354 10.9012
5.5115 7.4976
1.0051 3.1782
0.2268 2.2055
7.6628 9.1570
7.0373 8.9640
1.9041 3.8262
3.6877 5.1304
7.6326 9.2335
7.6660 9.6438
4.8321 7.4533
6.4847 8.8950
1.8959 3.8159
8.1803 9.0627
3.8184 6.2886
2.6810 4.5149
4.4209 6.4782
0.6893 2.6150
7.7930 8.7261
6.4895 8.3794
0.4242 2.3750
1.2605 3.3986
4.5173 6.7926
6.9300 7.8811
4.1082 6.1651
8.4444 9.4707
5.5716 6.9489
0.9805 2.9318
1.3870 3.1930
5.2838 7.0293
2.6556 4.5020
7.7638 9.3466
0.7999 2.8290
4.7471 7.3373
1.7708 3.9112
3.9809 5.9252
8.6386 11.3218
8.7425 11.7596
8.0386 9.7082
5.1602 5.9347
2.2632 4.1094
1.2561 3.2624
8.3709 10.9332
0.2739 2.2984
4.4824 6.4718
0.3155 2.3528
5.1782 7.5732
3.9239 5.3099
3.7241 5.5617
4.2281 6.7601
4.7931 6.7873
3.9789 6.7149
8.4991 10.3572
9.6365 11.6604
8.7090 10.3655
3.3405 5.5470
1.1405 2.9877
4.7155 5.5034
7.8079 8.4275
0.3468 2.3495
9.2305 11.9601
0.9223 2.9452
8.9498 10.5004
1.4387 3.6025
2.9022 4.8079
5.1769 7.7282
7.8358 8.6166
4.9595 7.0068
1.0774 2.9657
7.3787 9.1608
8.0517 10.8069
7.5792 9.2275
6.0976 8.4271
3.8055 5.9735
6.0718 7.6259
4.6070 6.4124
2.6337 4.8543
6.6432 9.2420
2.9482 4.5652
5.8524 8.3928
8.8260 11.5914
0.6567 2.6786
7.5536 9.7044
5.0607 7.3905
1.0831 3.1371
3.0667 4.4381
9.5223 13.7337
2.7388 4.7334
0.5273 2.5138
1.9967 4.0962
6.4779 9.2515
8.9520 10.2069
7.9660 10.6367
4.6353 5.6895
3.3860 5.3819
2.8165 4.8189
8.0142 9.2439
1.7769 3.8669
2.9902 5.1954
4.8544 6.7980
6.9776 8.4207
1.3233 3.0263
7.8886 9.9043
6.2009 8.2135
4.1845 5.5566
9.2037 12.4562
7.5703 8.7331
3.9988 6.0068
9.7825 10.8543
6.6878 7.4714
0.8310 2.7424
3.7152 5.5188
8.0240 8.9664
6.2417 8.8236
9.3841 12.0661
7.6061 9.1798
7.9548 9.7291
0.7060 2.5922
2.6139 4.8671
3.6357 6.2378
4.4296 6.0489
4.5658 5.8891
2.3029 4.3181
2.7897 4.6714
7.9983 9.2620
3.2582 5.5669
6.0552 8.3273
5.0701 6.8513
4.3813 6.4472
7.0655 9.1186
8.0585 8.5199
3.1348 5.0184
1.0944 3.3585
3.3647 5.3645
2.3986 4.2144
8.9973 11.7019
0.4826 2.4292
8.8407 9.7665
8.1053 10.0273
5.8932 7.7504
5.6262 8.1459
0.8733 2.9316
6.1250 9.0646
5.5923 7.8180
1.1872 3.2510
9.7053 10.4277
8.3821 11.4675
5.4749 7.8222
1.1795 2.9843
6.3879 8.4890
5.2461 7.5443
4.2169 6.5845
8.9833 11.2087
6.4737 8.2310
3.0782 5.5111
3.6665 5.6502
1.6904 3.7430
2.4526 4.4644
5.9957 7.6914
7.0991 8.9620
5.6921 8.0256
8.9033 10.7698
3.8313 5.8972
1.0704 2.9877
4.9773 7.5720
5.0915 6.8329
0.5850 2.4586
2.2648 4.4841
6.1441 8.0191
6.9764 8.0873
2.2066 3.7262
9.6009 12.9503
8.3942 9.5626
2.3797 4.4483
4.1505 6.5766
2.0506 4.2558
6.5096 7.6777
5.7238 8.2164
4.9550 6.8049
3.8144 5.7707
3.2940 5.0233
7.0443 8.7148
3.8281 5.7797
5.1641 7.6159
2.0758 4.0883
3.7159 5.1886
2.9992 5.2326
6.2335 8.6141
2.4436 4.6754
3.2750 4.5562
4.5196 6.7688
4.4451 6.4095
1.9560 4.1309
3.1887 5.1225
4.3741 6.0821
5.3443 7.2007
0.6522 2.7199
3.7971 5.4882
8.7420 11.7219
2.3637 4.0636
2.4871 4.4474
0.3752 2.3508
2.9685 4.4418
6.5960 7.6520
7.5647 8.6735
2.8249 4.2578
1.6482 3.6461
2.4193 4.6055
8.5247 11.7219
1.1349 3.1373
4.0983 5.7642
0.5284 2.5035
2.8864 4.6134
2.1480 4.1379
1.5264 3.5804
8.7991 11.8294
5.2920 7.3331
1.3207 3.3715
2.7767 4.9788
0.6982 2.6846
4.2341 5.8818
8.3619 10.7256
9.4057 11.5115
1.5884 3.7796
8.5457 11.8514
3.9129 6.3508
4.5183 6.3810
9.1404 11.6320
6.2248 8.3136
7.8053 9.5658
7.0911 9.6700
7.0185 8.8011
9.3239 12.4329
1.9880 3.7121
8.1280 10.7487
5.1466 7.4810
4.5441 6.2218
2.5881 4.9830
6.2758 8.3342
6.1683 7.3129
0.3053 2.2973
5.1323 7.2040
1.8606 3.8174
2.6411 4.6319
5.8648 8.0348
5.5471 7.4151
0.8905 2.8677
8.2156 10.3128
6.3110 9.0390
9.0448 9.9019
4.0300 5.1582
5.1151 6.0473
8.0142 9.3301
8.6485 9.3302
3.7032 5.3090
4.9087 7.2810
4.7242 7.1310
3.7207 5.8301
6.8739 8.1763
2.1658 3.8764
4.5555 6.4672
5.6278 6.9650
7.8734 10.3526
1.2147 3.3157
3.4729 5.6850
9.2628 10.7761
9.5915 10.2215
3.7000 5.5474
6.5333 8.7856
4.5012 7.7964
3.8923 5.6437
1.8814 4.2126
9.4755 12.1916
1.1837 3.1135
0.6860 2.6479
3.6744 5.3699
5.8421 8.5591
3.2811 5.2980
3.6785 6.0301
0.6945 2.6953
8.3715 12.1973
9.5802 11.3861
4.3561 6.1728
0.0323 2.0298
1.9123 4.3061
5.2673 7.3791
9.0173 11.3643
5.3000 7.5055
0.5754 2.4463
7.2968 9.4670
7.2250 8.5912
5.2500 7.8723
4.4689 6.8616
5.0159 7.9183
2.5249 4.9969
9.9119 10.6720
5.9223 7.4070
8.5719 10.8703
5.2211 7.3405
4.6854 6.5522
0.4604 2.4818
7.9021 10.8862
1.0670 3.0170
9.4872 10.2149
4.9078 7.1714
6.7151 8.4065
9.4307 12.2607
6.6129 9.3190
1.1762 2.9810
3.0437 4.9922
0.5251 2.5134
5.7888 8.4845
6.1778 7.4089
9.0742 11.5830
9.0498 10.5347
8.8168 11.1702
0.4456 2.4763
6.1883 8.6120
0.2050 2.2033
8.0437 9.7235
1.7556 3.7572
0.9090 3.0071
5.8354 8.5738
5.7529 7.5992
2.4023 4.3278
0.7613 2.8201
2.5508 4.6128
6.7471 8.6511
0.8347 2.8280
5.9857 8.0064
4.4395 6.8399
3.7333 5.4528
1.6412 3.7088
1.3356 3.4579
1.0570 3.1618
9.3272 11.2790
8.5374 10.7888
9.8168 11.1795
2.5367 4.2590
4.6453 6.0268
6.6807 8.4802
9.7414 13.6187
2.2416 4.2625
4.4890 6.8008
3.3977 5.6823
0.3521 2.4242
1.2796 3.2544
7.0235 9.5827
1.4605 3.6722
4.0258 5.7415
3.3090 5.3163
4.4996 6.3941
2.0874 3.3358
9.4385 11.5925
5.4113 7.1311
8.4881 11.8366
0.7710 2.8432
9.3647 12.5247
9.5480 12.5822
6.0399 8.5009
1.6195 3.6047
7.1989 8.6591
2.0437 4.0892
4.6195 5.9642
1.6014 3.5992
7.2098 7.8805
7.7799 10.8329
1.4278 3.4872
1.5895 3.5735
0.9347 2.8784
9.8497 11.3441
8.8454 11.5308
0.0513 2.0561
0.2537 2.2798
9.1773 11.5710
2.4085 4.4373
2.9611 4.5421
0.0865 2.0850
0.6971 2.7764
3.3131 5.6443
7.8749 7.5809
2.5954 4.1496
3.3800 5.1237
9.9532 12.3172
9.9819 11.0909
6.3199 8.0583
1.5282 3.5184
1.5046 3.4866
1.4856 3.3334
9.7138 13.2642
4.7345 5.9470
2.6732 4.6331
8.6907 9.8333
9.9975 12.2496
5.5637 7.6875
6.1792 8.9280
2.4214 4.4064
6.6140 9.4494
0.0737 2.0732
8.4158 10.9913
5.4881 7.3581
3.1128 5.1840
0.4074 2.3700
7.6182 10.7428
5.2069 7.0211
8.1612 9.8737
4.2810 6.3365
2.7800 5.2126
0.7749 2.8471
2.7802 4.5422
5.4619 8.3947
8.4372 11.1216
6.4567 8.5889
7.8172 9.0171
7.3587 9.1016
0.3911 2.4363
8.3854 9.6518
5.3964 6.8573
5.2326 7.9358
1.6134 3.5809
8.5461 11.7098
9.8631 12.3289
6.6881 9.3499
1.3195 3.3517
8.6874 10.5848
9.7274 12.4158
2.0548 3.7956
5.5422 7.6301
4.3629 6.1350
2.9656 5.7001
6.4606 8.3755
2.2288 4.0782
6.3719 9.1990
1.2705 3.3403
8.0106 10.7699
7.8877 10.4655
3.9962 5.7398
7.1875 9.8029
7.1662 8.5695
8.1664 10.3181
7.2513 9.6596
3.0633 5.4996
6.1896 8.1075
6.8124 8.2658
0.2726 2.2630
4.6771 6.3047
1.2792 3.1614
7.5419 9.7927
2.4610 4.7572
2.9417 5.2762
6.3976 9.0635
2.1930 4.2371
4.8651 6.7871
7.0038 9.3096
2.6081 4.7390
0.3913 2.4373
7.8917 9.9589
1.7285 3.8045
9.5788 13.1965
7.4867 9.7454
9.2841 10.4411
7.0915 9.2197
3.7257 5.8781
5.3403 6.9949
6.0631 8.1475
7.5950 9.6620
4.9929 7.8267
1.2171 3.1643
6.3637 9.1073
7.5588 10.4318
8.9263 11.1592
1.4541 3.4639
4.7608 7.1363
6.2019 8.4022
9.0542 11.1522
5.4216 7.6658
3.6188 5.0824
1.0734 3.0456
5.7151 7.6966
5.1231 6.7564
5.1060 7.1779
9.2750 12.7514
6.3230 9.1896
3.7287 5.2303
0.1690 2.1740
7.8183 10.4772
6.9572 7.7781
6.8118 9.2333
7.3643 8.7002
7.8161 8.8758
9.2237 10.5917
3.0712 5.3410
5.1084 6.9217
5.8320 7.2280
1.8735 4.0356
9.2573 12.3047
4.2495 5.8373
8.9905 11.5812
3.2732 5.5896
7.9888 10.8523
5.6463 7.2048
7.4248 11.3331
2.5353 4.5396
6.3965 8.9255
8.2686 9.7885
0.4884 2.4636
1.8507 3.9067
9.8750 12.8880
8.0447 9.0159
2.0861 3.9104
4.9516 6.4176
0.5049 2.5985
6.6110 8.5393
4.1291 6.2818
0.3650 2.3382
1.7936 3.7751
6.8057 8.6092
7.0515 8.4831
3.1810 5.1621
9.3883 12.2576
4.7907 6.9381
9.5387 11.8161
8.7411 11.8913
0.4482 2.4217
6.4966 9.0275
5.9395 8.6924
8.4605 11.3192
5.5119 7.1589
3.1243 5.0334
2.1235 4.2664
8.2132 9.1786
4.0196 6.8565
4.5382 6.8196
8.9298 10.7335
6.5064 8.2120
4.1343 6.2487
9.2190 11.4737
6.0471 8.4625
9.1027 11.1385
6.8919 8.8064
3.5305 5.7526
0.2685 2.2613
3.0265 5.4983
0.0772 2.0897
3.2315 4.5707
3.1167 5.1315
1.4164 3.3387
4.1943 7.1236
4.9419 6.6690
8.1987 9.7962
4.4452 7.5269
0.8685 2.9242
3.8754 5.1928
7.6390 9.0292
0.1682 2.1629
0.5531 2.6468
1.8123 3.6083
7.0695 9.4583
2.6837 4.7667
7.8516 9.9241
9.2722 10.0614
9.2778 10.4365
5.9281 7.8755
7.0125 9.0269
0.6613 2.6424
4.0663 5.6093
5.6599 7.6427
3.6727 5.9784
3.6907 5.1884
6.9536 10.0554
5.8398 8.1255
1.0417 3.1040
4.7263 6.0664
6.6113 8.4548
0.5052 2.5301
9.1488 10.0219
0.0674 2.0732
2.3040 4.2576
5.9425 8.0200
0.1447 2.1340
1.5685 3.4014
3.5514 6.0899
2.4791 4.9494
1.1662 3.2376
9.0123 10.2649
8.2201 11.0040
0.1059 2.0824
7.7748 9.1520
3.7649 5.9843
5.7378 7.5730
1.5277 3.4154
1.8713 3.7037
8.7167 11.2296
8.1825 10.1909
3.1456 5.4295
1.5487 3.7618
2.2216 4.3634
1.7811 3.4738
1.9812 4.0961
8.1638 11.8487
6.8756 7.6851
0.0332 2.0334
3.6800 5.6496
8.0170 9.5683
2.2571 4.4634
6.5113 8.4296
8.2166 10.6559
8.1199 10.7811
1.5969 3.3479
5.5086 7.7268
8.4100 9.9269
2.2492 4.4438
7.8944 10.2788
1.0876 3.2995
8.0125 9.9594
6.7705 7.9398
5.8156 7.6149
4.4146 6.4581
8.1553 10.4731
2.8354 4.8480
4.5674 6.8815
6.4396 7.6430
2.6522 4.6177
2.2577 4.4019
5.0937 8.0855
5.5503 7.8438
3.5950 5.7594
1.7706 3.8947
8.6025 10.4266
9.3538 12.3747
0.5950 2.5627
0.5993 2.6324
4.6703 6.4593
0.7412 2.7105
1.2309 3.0575
7.1832 8.6790
5.1097 6.9351
7.6264 9.8138
0.9828 2.9662
1.8570 4.2742
1.7030 3.8690
2.2630 4.3087
1.2554 3.3134
8.0025 9.3069
3.0595 4.8040
3.8091 5.3790
4.8951 7.5633
7.4351 9.1262
9.5476 11.1709
3.0709 4.9654
3.2586 4.7146
6.6285 7.6997
1.7241 3.9088
3.7544 6.0851
4.3578 6.3466
8.6743 10.8912
3.4753 5.8437
1.6671 3.6430
3.7045 5.8816
3.5222 5.4946
0.1041 2.1045
8.9067 9.3753
4.1996 6.4922
6.3514 7.5174
9.0011 10.9314
7.3835 7.8961
6.8745 9.7463
0.9754 3.0769
0.1843 2.1807
5.0756 7.5467
8.4506 10.5308
4.6622 6.8817
7.3137 8.1358
3.0891 5.3032
5.8357 7.7989
6.2262 9.2592
0.2442 2.2667
1.8589 3.9243
5.7113 7.7977
4.0971 6.6638
8.4128 10.7476
7.1051 9.3066
8.7070 11.3234
6.8638 8.3246
3.0602 5.0591
4.1888 6.1852
3.3664 5.1293
5.4552 7.1296
3.2242 5.2221
4.4418 6.2021
6.3366 7.4691
6.0593 7.9469
2.4240 4.6864
6.8197 9.1012
4.3021 5.9760
6.8440 8.6472
7.5074 9.3605
6.5159 7.7861
8.2885 10.9381
9.3667 12.0099
1.6646 3.5864
7.7063 10.8774
7.6836 9.4306
7.8645 9.2236
4.3344 6.2814
3.3656 5.7078
0.6454 2.6795
7.2710 8.1475
5.1486 6.6095
8.4706 10.5761
6.8403 8.8252
2.3413 3.9781
7.5168 10.3254
3.5238 5.8897
8.7491 10.8593
3.0002 5.5180
5.2031 6.6805
9.0693 11.4408
6.4038 7.9396
9.0704 10.1091
9.4041 10.4854
4.6833 5.6032
0.1704 2.1834
4.0484 5.8461
1.4045 3.1286
3.8341 4.9522
9.9581 12.9187
7.2074 9.6746
0.4809 2.4300
5.6049 7.7027
0.7615 2.6965
4.9627 7.0754
5.3315 7.7240
2.9554 4.8527
4.0181 5.9700
4.5070 7.1697
6.7670 9.0249
1.0234 2.9608
5.5737 7.5367
9.6052 11.8965
9.4161 11.3738
4.9402 7.2558
6.1401 7.6444
1.0123 3.0029
0.5775 2.5786
3.0100 5.0088
9.6708 12.2455
1.5974 3.5957
3.5450 5.8465
2.5530 4.5733
2.6425 5.1322
1.2374 3.2610
8.3504 9.8909
0.9088 2.8170
6.1030 8.1551
9.4685 11.2700
4.2002 5.5806
8.5558 9.6123
6.0305 7.9837
2.4460 4.3701
4.9059 6.5042
1.3751 3.4125
4.0139 6.1390
0.5676 2.6948
9.4383 11.3876
4.1661 6.3626
9.9504 12.3209
8.3284 8.8788
9.1109 11.4937
2.4511 4.4610
7.1134 9.5076
8.4315 10.2572
7.2879 9.7212
6.2713 8.0974
3.4924 5.6425
5.3837 7.5296
8.3286 10.4653
7.5298 8.8522
7.9938 9.9618
0.8858 2.9572
4.9336 7.2794
8.7651 10.0074
7.8356 9.4990
8.6929 10.8019
1.7414 3.8272
9.2617 10.5412
1.9137 4.1160
6.8831 8.7574
1.7746 3.5843
2.8309 4.8073
3.6490 5.8768
5.2416 7.2434
3.0921 5.7987
7.2240 9.3152
9.3202 11.7246
4.8905 6.3617
0.9722 3.0806
5.5119 7.8333
8.3117 10.3697
3.1577 5.0783
2.9535 4.8201
6.5539 8.7065
3.9052 5.7516
2.4826 4.5951
2.4366 4.2864
3.5154 5.2443
3.5259 5.6647
6.6288 7.8964
6.9275 9.6448
9.1883 10.4375
3.4706 5.2026
5.4687 7.1901
5.8896 7.4521
6.9005 8.7280
1.3223 3.5669
8.9039 11.6107
4.2669 7.1936
6.3771 8.2319
7.7419 9.4615
6.8829 8.6312
6.6782 9.4318
1.0053 2.8718
2.2622 3.9043
5.4161 7.2424
6.4658 9.3799
0.1991 2.1945
6.6743 7.8421
8.6995 9.7938
5.3439 7.0238
1.1771 3.2220
3.8600 5.9820
4.7135 6.9687
3.8225 5.5976
8.7768 11.2438
0.5159 2.4898
7.6505 9.7507
9.4046 11.5342
7.8009 10.2158
8.9936 11.7385
9.9554 12.3277
2.9446 4.9242
4.1677 5.7947
1.2060 3.1141
4.6376 6.8967
7.2693 8.8462
