0.4510
-1.0448
-0.1699
-0.2002
-0.0206
0.5900
-1.5150
0.5601
1.4217
-0.3200
-0.0657
-0.6660
-0.3731
0.3566
-0.7014
-0.2981
1.8829
0.0207
0.1137
-0.9630
1.7603
0.6054
2.1917
0.1854
-0.6353
-1.4363
-0.0204
0.3001
1.0712
0.4904
-0.9521
1.4248
1.9810
-0.2813
-1.6272
-0.6042
-0.2618
-0.5162
0.1077
-1.7640
-0.8248
2.7268
0.7643
-1.0666
-0.6300
0.1295
0.1352
1.4322
0.0884
-1.5215
0.5106
-0.3728
1.5946
-0.3832
1.6124
0.5398
0.1887
2.0452
0.1099
0.2564
0.4242
0.0223
0.7639
-0.1781
0.2066
-2.0694
0.1445
0.7576
-1.4855
-0.1842
-1.7257
-0.1539
0.3957
-0.1420
-0.0571
0.6462
-0.4591
-1.1197
0.1668
-1.1761
-1.1993
-0.9650
-0.9634
-2.0555
1.0361
-1.2432
0.8511
-1.1233
-0.5129
0.0700
-1.1791
-0.1967
0.1270
-0.4219
0.5252
0.0391
0.4782
-1.1238
-0.6660
-0.6329
0.1779
-0.7145
1.4781
-0.6953
2.0652
1.8219
-1.3049
-1.2529
-0.6232
-0.2384
0.0829
-0.9548
1.0338
-1.1013
0.6861
-2.5641
0.0041
-0.9488
-2.5426
0.2346
-0.2209
-0.1219
-0.7470
-2.0202
0.9917
0.4450
1.6608
0.7629
0.9802
0.8423
-1.5421
-1.1021
1.1720
0.8427
-0.5150
-1.2175
-0.2241
1.0926
0.2971
-0.6044
-0.4484
1.7006
0.1425
1.5192
0.1730
-0.1120
-0.2469
-1.1329
-0.3676
0.7913
-0.2661
-0.8173
1.1652
1.5246
-0.3675
-2.1971
2.2368
0.4997
0.5756
1.2059
-0.9203
-0.0166
-1.3763
-0.7994
-0.5304
-0.1123
-0.6500
0.1813
0.9444
0.0706
-0.4971
0.5221
0.1522
-0.1893
0.1769
0.3877
-0.6604
-0.3529
0.4735
-1.1066
-2.0874
-1.4410
-1.3748
1.6038
-0.4607
-0.3138
0.1625
0.2801
-0.3936
-0.2119
-0.5228
-1.4462
0.1808
-0.7483
-0.2713
2.0343
-0.3491
-0.8381
0.1804
-0.7796
-0.6559
1.8703
-1.3851
-0.6139
-0.9402
0.3808
0.2612
-1.0896
0.2294
-0.6244
-0.1960
0.5493
0.2958
-1.4220
1.0484
-0.9016
-0.9910
0.0713
0.7428
0.8322
0.6218
0.1942
0.5325
-1.8303
-0.4704
1.5161
0.0960
1.2257
1.6897
-0.4598
-3.0535
0.8655
0.7078
0.5214
1.0973
-0.1658
1.2266
-0.4204
0.3449
-1.5193
-0.1183
0.4054
0.0463
0.8669
1.5327
-1.2933
-1.1071
-0.1545
1.0351
0.4584
-0.0139
-0.7574
-0.8345
-1.4561
0.4054
1.6846
0.5706
-1.1748
-0.6305
-0.4536
-0.1093
-1.1542
1.2597
-1.3134
-0.4597
0.5169
0.0286
0.6715
-1.2908
-0.8648
0.1017
-1.8631
0.0211
0.3908
-1.8995
-1.6429
-0.5821
-1.0358
0.0824
1.2640
1.7883
-0.3496
0.3185
0.5190
1.5184
-0.2445
-0.3957
0.2192
0.9608
-1.1170
-0.1715
0.1116
0.1522
-0.1201
-0.5440
0.4751
-0.2904
0.2976
0.9963
-0.7889
-0.9757
-0.9179
-0.0227
1.6400
-0.5689
-0.7792
-0.5648
-0.1256
-1.1613
1.7257
0.0299
-0.8949
0.5985
-1.0764
0.9734
0.3179
-1.3739
0.2145
2.1869
-0.6605
-0.4367
-0.4261
1.3180
-1.6938
-1.2697
-0.1738
1.6328
0.1653
-0.8326
0.0576
0.1782
0.7880
1.7562
0.0036
-0.6016
0.9064
0.9132
2.7716
1.8139
0.3593
0.6286
1.0422
-1.0084
0.8770
0.4407
-2.0721
1.9691
0.6807
-0.2154
-0.0375
0.3155
-0.2987
-0.2820
0.3345
0.3801
-2.0003
0.8833
-1.1567
0.6088
-0.3101
-0.3307
0.0641
0.0322
1.9294
-0.9209
-1.0264
0.3367
0.5220
-0.2632
1.3115
-0.2006
-1.6447
0.8595
-0.6092
-0.0884
-0.0721
-0.2430
0.0266
0.6702
0.8996
0.3034
-1.9057
-0.1239
-0.4564
1.2071
-0.6781
2.1875
0.8086
0.8252
1.3907
0.5213
-0.5223
0.0942
0.0435
0.2573
0.8284
0.3524
-0.0985
1.1053
1.5675
-1.0709
1.3434
0.0699
0.2306
0.0914
0.6239
-0.2308
2.0529
0.4039
0.7664
0.3301
-0.9376
0.3835
-0.2178
-0.2161
0.4766
-0.8843
-0.3049
-0.0837
-0.6259
-2.4493
0.9871
-0.8068
-0.0955
-0.8020
-1.2841
1.1711
0.2286
-0.2620
-2.8352
-0.3536
1.2853
0.0787
0.2513
0.3670
-0.8645
-0.5086
-0.5313
0.0404
0.7308
-0.0627
0.6101
0.1798
-0.1938
0.4394
-1.4118
-0.1777
0.7292
0.4412
-2.2695
-2.1778
-0.4925
0.1718
1.1520
-1.5485
-0.8493
-0.4771
1.5085
0.1510
0.5520
-0.9456
-0.2160
-0.0998
0.6645
-2.1040
0.2504
-0.1659
0.3282
0.4982
0.8091
-0.0194
0.6302
0.6442
-0.2491
1.4201
0.9869
0.1597
-0.4586
0.7711
0.9940
-1.0378
-0.6548
0.6385
1.3414
1.2135
-0.0584
0.5460
0.0496
-0.5739
-0.4889
-0.9298
0.8371
0.5408
0.0041
-1.3072
0.4799
-2.0301
-1.0323
0.0513
-1.8612
0.3664
-0.3004
0.5754
-0.9737
0.6929
-0.4250
-0.9560
-0.5948
1.4853
1.7037
0.2356
0.6348
-0.3688
-0.4833
-0.1522
-0.6258
-0.2987
0.8323
1.0782
-0.8001
-0.0258
0.1937
0.6557
-1.0371
0.0564
0.5079
-0.4557
-0.6729
0.4393
-1.0932
2.2524
0.3522
-0.2058
-1.9824
-1.2897
-0.4537
1.8281
1.1139
0.3668
-0.0875
0.7055
-1.4693
0.7712
0.1589
-0.1805
0.6825
0.0144
-0.6345
0.3219
0.5050
2.0392
-1.5912
-0.6997
-0.5928
-0.0830
-0.7689
0.3356
1.2836
-0.7430
0.5136
-0.0275
0.9071
-0.2153
0.0207
0.5608
1.3533
0.0486
0.8797
-1.1654
-0.9901
0.7992
0.0709
0.7109
0.4685
-0.1999
-0.7269
-0.8757
1.2957
1.5283
1.9618
-1.2835
-0.9066
0.4860
-0.9952
1.5241
0.3326
0.7556
-0.0026
0.9981
-0.8444
-2.7743
0.8029
0.4108
-0.4744
0.1398
-1.7361
-1.1886
0.0107
0.1556
-1.1522
-1.5273
-1.5292
-0.3216
0.9708
-0.6405
-2.4198
0.8813
-1.4427
-1.1913
-1.6135
-1.3905
-0.4217
-0.5293
-0.2039
-0.6510
-0.6425
-0.1430
0.0980
0.1794
0.6689
0.2067
0.0948
-0.2041
-0.0044
-0.4887
-1.6202
1.0580
-0.0253
-0.7503
1.0179
1.5902
-0.5969
-0.7635
-0.2150
1.4077
0.3548
0.1573
1.4134
-0.4235
1.5908
0.7764
-0.9224
0.9982
0.8795
-0.4464
-0.6618
0.1112
0.5210
0.3534
-0.6071
1.5228
0.5232
-0.1239
0.6608
-1.9600
1.7916
-0.1147
-0.8396
0.1181
-0.9445
-0.3590
0.9258
-0.1831
0.0104
-0.8316
0.2096
-0.8214
-0.2226
0.0864
-0.7364
-0.6415
-0.3102
0.7910
-1.3321
-0.2300
-1.2887
-0.4879
1.3387
-0.4863
-1.2358
-0.9502
0.1872
0.1194
0.5441
0.2654
0.5008
-1.0488
-0.6438
2.2092
0.5914
0.7958
-1.9645
0.4031
0.2217
0.5133
-0.5642
-0.7633
0.9959
-0.0856
-0.5905
-2.7748
-0.0249
0.4756
0.0962
0.1049
-0.5072
0.6519
-1.3075
-1.0533
-0.3280
-1.5357
-1.2438
0.2639
1.0911
-0.3425
-1.2697
1.9969
-0.8634
-0.8865
-1.2960
0.7476
1.6098
-0.5050
-0.9170
-1.4370
1.0122
-1.0235
0.5448
-0.6841
-0.2910
-1.1738
-0.5197
0.7973
1.2845
2.1198
0.2023
1.9466
-0.4336
-0.5614
-0.5076
0.4665
-0.8416
-1.7045
-0.1230
-0.5010
-2.3085
-0.1039
0.0849
-0.1337
-0.2294
-0.0230
0.6677
1.2450
-0.5487
-2.0435
-0.5665
1.9921
-0.6593
0.5042
0.0700
-0.0881
-0.5491
-1.5888
0.5339
1.8030
-1.6101
-0.5197
1.4288
1.6231
-0.7781
-0.4366
0.6040
-0.5459
1.4639
1.2614
1.1938
1.6160
0.4980
-0.1937
0.1370
-2.0482
0.9569
-0.7399
-0.4718
-0.0023
0.0624
-0.0363
-0.3718
0.3053
-0.9676
-1.3561
0.8173
-0.6390
0.1359
-1.1761
-0.3073
-0.3602
0.3270
2.8175
-0.2721
1.4921
-2.0819
-0.3356
-1.9138
1.0062
-0.9043
0.6081
0.2632
-0.5560
0.3126
0.0852
0.4571
-2.7903
-1.8811
0.4660
-0.9855
-0.2356
0.6356
0.2755
-1.0833
2.0404
1.0677
0.4207
1.8718
-0.3823
0.0754
-0.1007
0.5903
0.1290
-1.1668
-0.3652
-0.8648
0.5368
0.6052
0.1380
-1.7664
1.0296
-0.5433
-0.6374
0.4116
-0.1647
-0.2941
-0.9859
-0.3263
-0.6114
-0.0338
-1.2922
0.0007
1.4337
-0.1726
-0.6796
-0.0190
-2.3540
-1.7310
-0.1586
0.5169
-0.4346
-1.5075
1.2474
-0.2113
0.7997
-1.4309
-1.7506
0.6370
0.5477
0.9325
-0.0513
1.1912
-0.3220
-1.9037
-0.7175
-1.4445
-1.1293
-1.9442
-0.6467
-0.2467
-0.9232
-0.2491
1.2558
1.2059
-0.3310
1.1799
0.9253
0.0201
-0.5088
0.8212
-0.4594
-1.2209
-0.0764
-0.3470
-0.6551
-0.5796
-0.6221
-0.0852
1.0334
1.3166
-1.3106
0.1174
0.4187
0.5007
0.0623
2.5216
0.3342
0.0300
0.8867
0.5116
-0.1713
0.0453
-0.1954
-0.2414
0.4646
1.1136
-0.7988
1.6134
1.0177
-1.4654
1.9225
-0.4017
0.3142
0.5733
-0.7617
1.0440
-0.7029
-0.7243
-1.4988
1.2121
-1.3476
1.6476
-0.1197
1.7037
0.9845
0.2708
0.7187
1.1747
1.7599
0.1311
2.2740
1.5228
1.6554
0.9187
0.2646
-0.3743
0.4619
-0.7552
0.2678
-0.6473
0.7509
0.7355
0.5332
1.5357
0.0213
-0.4370
-0.2673
0.4721
-0.1866
-0.9268
-0.9674
-1.6024
1.0071
-0.5082
-1.6729
-0.1316
-0.5774
-0.2927
0.6656
-0.5608
0.2531
-2.2042
-0.1830
0.0482
-1.3171
-0.5553
-0.6085
0.0919
-0.0962
-0.1091
0.9615
-1.4427
0.1729
-0.0831
0.6480
-1.2995
-2.3697
0.5684
-1.0309
0.9568
-0.8243
-0.8141
1.0840
0.1697
-0.1541
-0.2066
1.3612
0.4949
2.0256
1.1908
0.8021
-1.5014
0.8166
0.3121
