2.2115 4.3327
0.7265 2.6590
5.0986 7.2983
9.4584 11.6408
9.1584 11.0534
3.4916 5.4427
8.3023 10.2101
7.2926 9.4401
1.3863 3.2927
1.6491 3.6405
0.1613 2.2573
7.7269 9.6560
3.7150 5.6393
0.4831 2.4967
7.0260 8.9301
7.2686 9.2889
9.6925 11.5133
8.0059 9.8719
9.0809 11.1156
8.2447 10.0811
7.3319 9.2527
2.6388 4.5799
6.1668 8.1013
4.6849 6.6179
1.5680 3.5869
1.3761 3.1626
0.2749 2.2216
1.2807 3.2205
7.2859 9.1994
9.5055 11.4457
2.1176 4.3014
7.2856 9.3195
9.7611 11.8668
7.2178 9.1218
7.7381 9.5950
2.2727 4.3389
3.9082 5.6783
1.2154 3.2005
1.3215 3.3495
4.9000 6.8304
3.6272 5.6488
9.5311 11.3662
2.5451 4.4975
4.5011 6.3206
1.2582 3.3201
3.6372 5.5713
0.6345 2.7881
1.6116 3.6234
1.4999 3.4072
6.1447 8.1966
9.8604 11.7303
1.8863 3.9689
7.0651 8.9925
0.1687 2.2172
3.1021 5.0458
5.1058 7.0484
9.2974 11.3869
9.8155 11.7195
3.6278 5.6522
3.9338 6.0483
0.1491 2.1986
8.2366 10.2374
8.1835 10.2243
6.2247 8.2089
8.7891 10.7225
3.6002 5.6838
9.6019 11.6471
7.3717 9.2090
0.4017 2.3296
1.5907 3.5481
0.6349 2.6429
7.9027 9.9522
4.8657 6.8901
7.2756 9.3144
1.6272 3.6475
5.8407 7.6602
2.7603 4.8709
5.0352 7.0208
8.5843 10.6352
7.8911 9.8149
1.2751 3.2778
3.9495 5.9115
9.0630 11.0988
3.3753 5.2394
2.2663 4.3771
0.8890 2.8645
4.3767 6.2983
8.7992 10.6544
3.0717 5.0946
5.9898 7.9138
1.4608 3.4934
8.6781 10.9792
5.8219 7.8786
0.8733 2.8804
4.1937 6.1640
8.1771 10.2014
1.0980 3.0219
3.2463 5.0408
1.2868 3.3460
1.5964 3.5088
1.1643 3.0521
9.8427 11.8561
2.4136 4.5060
9.9692 11.8592
9.5301 11.3666
4.5775 6.5485
6.5250 8.3614
4.7619 6.9297
3.0714 4.9199
3.7640 5.6428
5.9730 7.9866
3.0389 5.1257
8.1119 10.1601
4.8474 6.8191
8.1694 10.2660
4.6948 6.7149
0.9443 3.0357
7.9655 9.8442
3.0719 4.9694
9.1038 11.0570
1.2261 3.1902
0.4389 2.4199
3.6035 5.4113
9.8676 11.7316
7.3874 9.4023
3.6233 5.5409
8.7908 10.5605
8.1006 10.0709
5.3398 7.5004
1.0576 3.1534
9.3624 11.2766
1.4101 3.5851
3.2489 5.2012
0.4443 2.6215
2.2537 4.3451
8.6349 10.6371
6.2857 8.1781
2.4935 4.4264
4.0082 5.9904
8.0907 10.1912
7.5799 9.6753
2.9209 4.7760
9.7046 11.5638
5.7088 7.6833
7.8174 9.7205
0.9893 2.9001
0.3550 2.2843
7.6291 9.4645
6.4186 8.3850
5.1616 7.1119
4.4531 6.4200
1.0741 2.9939
3.6454 5.6066
7.4741 9.3844
7.0762 9.0714
5.1645 7.1813
2.3123 4.3500
5.4055 7.3629
6.8552 8.9042
1.7826 3.6413
4.2952 6.3482
2.9032 4.9202
7.3930 9.3329
7.2273 9.3460
9.6742 11.6471
4.8472 6.8731
7.1059 9.1303
7.5299 9.4776
9.2284 11.2090
6.2182 8.0414
4.0196 6.0405
0.6646 2.6559
4.2328 6.2008
0.8724 2.9599
5.3917 7.3651
7.0762 9.1844
5.3885 7.1702
7.1014 9.0732
0.1289 2.0003
2.1023 4.1151
7.3752 9.3491
5.3302 7.2365
5.1998 7.2544
2.1161 4.1156
5.7529 7.8170
5.0356 7.0683
9.6010 11.5657
7.6038 9.6625
9.3822 11.5108
5.9124 7.8988
7.8744 9.9680
0.5131 2.7563
0.2361 2.1558
2.2937 4.2302
7.9819 9.9792
0.1303 2.0041
5.0103 6.9396
3.2887 5.4554
8.7869 10.8741
8.6664 10.7607
5.8676 7.8767
1.6792 3.6157
1.0926 3.1592
4.7640 6.7798
1.9417 3.7802
5.5191 7.4443
2.8512 4.9140
2.7963 4.7785
0.1652 2.1656
4.8647 6.9913
9.7525 11.8175
8.5425 10.7012
6.3664 8.3201
7.2439 9.3379
6.5258 8.5707
7.5548 9.5997
5.9758 7.9454
9.2860 11.2081
1.4990 3.5815
7.1331 9.1530
1.8732 3.8930
7.7925 9.7236
8.4141 10.5249
4.5205 6.2262
9.7482 11.8683
3.1508 5.0758
5.6580 7.6576
6.9274 8.9718
4.4536 6.3767
2.3838 4.3180
1.8532 3.9387
5.1493 7.1675
9.2165 11.1048
1.7995 3.7845
1.7038 3.7186
5.2442 7.3008
1.9886 3.8905
8.8148 10.8100
4.6606 6.7351
6.8219 8.7147
4.9067 6.9181
3.9589 5.8452
2.0305 3.9524
4.4646 6.5822
0.1583 2.2000
2.3687 4.5519
0.3693 2.4285
7.7487 9.6328
4.7245 6.7431
9.0445 10.9406
8.1384 10.2657
4.7342 6.5859
3.6885 5.8456
9.3833 11.6040
5.8792 7.9168
8.7658 10.7547
8.6742 10.5293
5.8526 7.8938
8.6935 10.8214
4.8628 7.1522
9.4575 11.5488
3.6008 5.6804
0.7957 2.5575
0.1721 2.1654
6.5501 8.5229
2.7266 4.8536
9.0868 11.1513
3.4914 5.4813
4.5252 6.3850
7.8113 9.9342
1.0542 3.0798
9.4493 11.4959
3.5227 5.6255
5.0981 7.0316
6.6757 8.6846
9.2165 11.2786
3.9150 5.9415
0.5091 2.5007
5.9869 7.9906
5.0353 6.9968
3.7288 5.5007
7.5748 9.4934
5.3177 7.3027
8.7656 10.8242
7.5123 9.5374
6.0496 8.0988
0.6070 2.7919
6.5899 8.6290
9.0689 11.0126
1.8591 3.8279
0.8093 2.8737
1.8061 3.8515
5.8349 7.9172
3.3918 5.4030
2.6512 4.6956
5.2433 7.3374
0.7127 2.6933
5.3088 7.3244
0.6241 2.4595
5.8860 7.9069
1.5298 3.4271
9.2725 11.2650
6.8560 8.8681
8.3422 10.4637
9.7374 11.5763
2.9925 4.8769
0.9900 2.9691
0.8816 2.7763
0.5266 2.5747
7.6152 9.7123
2.2767 4.1973
1.4569 3.6137
5.5794 7.6279
1.7871 3.8858
2.6334 4.6585
0.7048 2.7194
5.8336 7.7977
8.8253 10.8558
2.4619 4.4736
6.9430 8.9869
3.8520 5.8752
1.8300 3.6733
6.1817 8.3018
6.0880 8.0928
0.4369 2.3979
5.5914 7.5878
8.4885 10.4940
6.0186 8.2867
0.9326 2.9395
4.9766 7.1000
1.8062 4.0291
2.7320 4.6882
4.3661 6.2980
2.5717 4.5942
3.0206 4.9918
6.2716 8.3897
8.4898 10.5796
1.8934 3.8590
6.7879 8.8059
1.5608 3.4072
1.5386 3.6431
9.3027 11.3173
5.3198 7.5106
0.0076 2.0815
5.9930 8.0070
7.0424 9.0894
2.7801 4.7176
3.0337 5.0229
2.1081 3.9554
2.2926 4.3950
0.5233 2.6892
2.4593 4.4649
5.2446 7.2778
4.8785 6.9354
9.8970 11.8567
1.3990 3.3679
8.8903 10.9601
1.6180 3.5714
6.1256 8.1635
4.1411 6.1829
8.4090 10.4783
4.4500 6.4459
2.6279 4.5136
8.1592 10.2991
0.7567 2.7537
0.5843 2.6202
0.6081 2.5543
0.5470 2.5035
3.2618 5.2535
1.7191 3.6655
4.8584 7.0113
9.2768 11.2658
9.2571 11.2558
8.5566 10.6677
4.4645 6.5794
0.6497 2.6453
1.0374 3.0051
1.1090 3.2101
7.2730 9.2857
2.5921 4.6651
5.1221 7.1908
8.8620 10.8649
8.9073 10.8128
6.9643 8.8357
5.4968 7.5479
7.3886 9.5212
5.4600 7.5313
4.6000 6.3840
3.8020 5.7274
3.5085 5.5866
0.0306 2.1335
6.5275 8.6782
4.7083 6.8392
6.9709 9.0583
8.9441 11.0079
0.8068 2.8312
4.5201 6.4994
9.9481 12.0190
9.6274 11.6807
6.0675 8.2123
4.9037 6.9407
5.3680 7.4336
6.9246 8.8977
8.9057 10.8125
0.6375 2.8130
1.8890 3.9940
5.4474 7.4230
5.6295 7.5766
2.8230 4.6558
4.7814 6.8756
4.2305 6.1698
4.6885 6.6711
9.9949 11.9299
4.2369 6.3874
3.0399 5.0211
1.6976 3.8215
6.1897 8.0332
9.6464 11.6427
9.2146 11.3086
9.4911 11.5208
7.8634 9.7019
1.2449 3.2734
8.9937 11.0964
7.2132 9.1704
0.1952 2.1746
7.3552 9.3995
7.9113 9.6652
9.6778 11.9066
0.7707 2.7391
8.3970 10.3762
8.5658 10.6414
6.1580 8.0848
4.9364 7.0749
0.5425 2.3765
1.0750 2.9239
4.2240 6.1125
8.7915 10.7316
8.5883 10.5018
1.9191 3.9753
8.9485 10.9331
2.1567 4.1296
7.0973 9.1732
3.8002 5.8907
8.9703 10.8958
0.1731 2.1373
2.4430 4.5633
0.4405 2.5711
2.4498 4.4303
1.2430 3.1486
6.7633 8.8395
1.6295 3.5769
5.6252 7.5719
7.4438 9.2973
6.8971 8.8394
5.9851 7.9580
4.6790 6.5469
7.4843 9.4974
3.4542 5.4422
7.5705 9.5349
5.1095 6.9708
9.3690 11.3163
9.3694 11.2054
8.6112 10.5952
0.0314 1.9037
1.9967 4.0536
5.8864 7.6569
4.0777 5.9661
8.8161 10.9694
7.5228 9.5247
4.9259 7.0216
5.4474 7.5598
2.4733 4.4510
5.5453 7.6758
9.9855 12.0405
4.0422 6.1865
7.7253 9.7573
6.2965 8.2276
6.3180 8.3382
6.7927 8.8238
0.2972 2.3361
3.0684 5.0147
6.2936 8.1427
8.1385 10.1070
5.7486 7.8374
5.7749 7.9992
6.8058 8.8539
4.2373 6.1152
6.6056 8.5634
1.4777 3.5255
4.3609 6.3852
7.2510 9.1106
8.1643 10.3979
8.1777 10.1831
1.8555 3.7776
5.4333 7.3236
5.9257 7.8505
2.1712 4.1907
9.2110 11.1887
2.1365 4.2046
2.7130 4.8997
0.7585 2.9230
8.9563 10.8208
8.6842 10.7949
5.0145 7.1374
6.0850 8.1513
2.5232 4.5815
7.3660 9.4674
3.9821 5.8347
7.8671 9.9548
0.5976 2.5608
1.1236 3.0445
1.3706 3.5464
1.1498 3.1261
7.9830 9.9823
5.1086 7.2111
3.9757 5.9692
8.1062 10.0538
3.8941 5.7904
1.0656 2.9189
5.4789 7.6560
6.7201 8.6644
1.7118 3.4848
9.7829 11.8200
1.6275 3.6659
3.8817 5.9561
9.4780 11.5301
6.9947 9.1584
5.0577 7.0264
0.9525 2.8251
4.4834 6.5293
7.3819 9.3205
8.7550 10.7782
7.1188 9.1484
5.5023 7.3499
5.2194 7.2677
0.3895 2.4223
3.4366 5.4347
8.6724 10.6943
3.3620 5.5207
7.3362 9.2562
3.5803 5.4687
9.5425 11.5144
0.9292 2.9165
3.3587 5.3570
2.5438 4.4779
5.6960 7.7778
8.3612 10.1959
6.6377 8.8527
5.7684 7.7545
0.7911 2.7109
5.3090 7.2602
3.9432 5.9592
9.4180 11.3220
9.7607 11.7801
8.8247 10.9620
1.1750 2.9470
0.9908 3.0114
2.4960 4.3563
2.3432 4.2809
1.3040 3.2812
0.3614 2.1974
0.2676 2.2134
4.8115 6.6365
7.0314 9.0398
4.1163 6.2364
5.9836 8.0776
2.4839 4.3691
8.9473 10.9620
4.5506 6.5379
2.7600 4.6692
2.8526 4.8429
5.7345 7.9306
9.3558 11.5025
2.7069 4.6300
3.4689 5.4966
7.5307 9.7537
6.0806 7.9922
3.4954 5.3540
7.5644 9.6690
1.0813 3.0415
9.4160 11.3376
8.6425 10.5279
4.5498 6.4704
6.0808 7.7469
7.0839 8.9715
2.9052 4.9142
6.4639 8.6022
9.6354 11.7383
5.8536 7.8899
2.9791 4.9350
6.4004 8.4761
6.3687 8.3449
0.0945 2.0838
8.2194 10.2832
9.9934 11.9804
5.8061 7.8769
6.3486 8.3473
6.6027 8.7312
2.8080 4.7642
2.6888 4.7114
4.0718 6.0200
3.1992 5.1737
5.5191 7.6550
1.6969 3.7458
7.8913 9.9337
0.3054 2.1107
1.3661 3.4471
7.4699 9.4959
1.8140 3.8750
2.5967 4.6666
5.0335 7.0937
3.4497 5.4296
0.8848 2.9999
7.7622 9.7065
5.4084 7.4760
0.9435 2.8412
2.3834 4.5231
6.4273 8.4129
5.8122 7.8000
4.6919 6.5652
2.7525 4.7315
5.4931 7.4655
3.0220 5.0596
6.5194 8.7168
5.4699 7.4446
2.9251 4.9228
2.6754 4.7938
9.6305 11.7999
4.8888 6.9842
1.6743 3.6620
4.6162 6.7484
4.0950 6.3021
4.9343 6.9339
0.4237 2.4678
1.6508 3.5595
2.9055 4.7625
4.1073 6.1006
7.4684 9.4993
9.5815 11.7071
7.1774 9.1286
4.3492 6.1894
4.3188 6.3132
1.0783 3.0373
3.6481 5.7316
8.7930 10.6845
4.2791 6.1080
4.5772 6.6520
8.3173 10.4595
2.9303 4.9227
5.7400 7.8094
9.2575 11.1486
0.2461 2.2205
4.7552 6.7799
4.8270 6.8067
3.5471 5.6247
3.5449 5.4895
2.2210 4.2604
2.7628 4.8100
7.9484 9.9769
8.0343 9.9029
4.7965 6.7258
3.3511 5.4206
2.2162 4.2839
2.0598 4.0170
4.3778 6.4442
0.0586 2.0579
0.6411 2.6135
5.7618 7.7914
4.0274 5.9421
5.0540 6.9790
1.1968 3.2155
7.5388 9.6195
0.8192 2.8222
6.8861 8.9899
4.1510 6.1215
0.2529 2.2355
1.2032 3.3311
7.6962 9.7689
5.9405 7.9126
8.5728 10.4406
1.0446 3.2179
3.1663 5.0763
1.8661 3.9317
4.5726 6.5476
6.8231 8.8160
2.8093 4.8188
4.3189 6.3778
8.5655 10.5749
4.3855 6.4817
3.9794 5.9345
7.6263 9.6491
4.0413 6.1173
6.0339 8.1337
0.0820 2.1454
3.6672 5.5456
5.4437 7.4166
8.2994 10.1756
6.9671 8.8994
9.7894 11.8059
0.4720 2.3383
6.4156 8.2790
8.8946 10.7951
7.5885 9.5428
5.7473 7.7358
0.3564 2.5429
7.5452 9.7135
5.8134 7.6869
2.0625 4.0556
0.9124 3.1134
2.7158 4.5356
2.5081 4.2584
0.8039 2.7259
6.9494 8.9288
7.4228 9.3363
7.5636 9.5779
2.7047 4.4988
7.0109 9.1387
4.3217 6.3396
7.2359 9.4278
5.5233 7.5111
3.6487 5.6940
2.8183 4.9276
5.2166 6.9795
1.4979 3.4437
2.8689 4.8758
5.9190 8.0723
1.5851 3.5303
8.5549 10.5524
4.5981 6.6602
5.8920 7.9286
6.2910 8.2329
5.6634 7.7025
8.2686 10.2857
4.6537 6.5885
9.3844 11.4172
7.5220 9.4720
7.0471 9.1945
2.1714 4.3973
9.8319 11.6816
4.3881 6.5593
5.1926 7.2079
7.5787 9.5206
8.4589 10.3873
6.3064 8.2732
0.4697 2.5068
9.2494 11.2796
9.3151 11.3719
4.0953 5.9844
5.9505 8.0144
5.2389 7.3344
1.5360 3.6538
8.7376 10.7087
6.5948 8.7060
9.6094 11.5636
1.1070 3.0186
1.3897 3.1821
3.0364 5.1299
2.4959 4.4845
4.2334 6.0445
4.6747 6.8494
7.1945 9.0097
1.6536 3.7348
6.9780 9.0416
9.5310 11.7875
2.3931 4.5866
4.7260 6.6472
3.3580 5.3051
1.9655 4.0473
4.2176 6.1600
5.5705 7.6275
2.3312 4.2205
9.3735 11.2679
5.1786 7.2378
6.7161 8.8043
2.2324 4.1716
4.9843 6.8867
5.4125 7.3415
7.6065 9.6330
3.4259 5.4734
3.4290 5.4772
0.9807 3.2682
6.2220 8.0580
6.1637 8.1652
5.1708 7.1355
8.2987 10.2320
7.7089 9.6171
4.5540 6.4591
5.2549 7.3945
1.7673 3.9142
5.2510 7.2462
3.5624 5.6314
8.8386 10.7579
4.8844 6.9606
6.9419 8.8979
6.8697 8.6571
7.5049 9.4729
6.3874 8.3869
4.7218 6.4991
9.1820 11.2305
4.2924 6.3854
3.7681 5.7130
7.0344 8.9650
3.4225 5.3716
6.8163 8.8134
5.4538 7.4531
4.8583 7.0450
4.9215 6.8192
7.2840 9.4313
5.6002 7.4580
6.6006 8.6538
8.7885 10.8655
4.4593 6.5314
5.8693 7.7639
7.9366 9.8793
4.9553 6.8156
3.7312 5.8572
4.9538 7.0293
9.9623 11.8225
1.5652 3.5885
7.8795 9.6236
0.4342 2.4651
3.2075 5.2191
8.0957 10.1062
8.2925 10.1889
3.3173 5.2376
4.3400 6.3039
6.0867 8.0132
7.7232 9.8257
0.9600 2.9351
5.1445 7.0461
6.9113 8.8726
4.5144 6.5613
8.1801 10.1312
3.5576 5.6467
9.9587 12.0905
9.9228 11.9487
4.2074 6.3420
3.6962 5.6929
0.4261 2.4079
6.4623 8.5729
0.8618 2.7163
4.0136 5.9923
5.9999 7.8683
2.9817 5.0012
7.1163 9.1586
3.7990 5.8379
1.7257 3.8270
4.9592 7.0090
9.7498 11.6890
9.4358 11.3683
5.6121 7.6415
6.2148 8.3038
7.1961 9.0667
0.4374 2.5387
4.1094 6.1432
5.7675 7.7652
5.0037 7.0739
1.0375 3.1015
1.1517 3.0654
4.4561 6.3739
9.5453 11.5415
7.7951 9.8111
9.5365 11.4779
8.8480 10.7055
1.3611 3.2402
9.6899 11.7649
2.7058 4.7139
5.7038 7.7889
6.2137 8.2142
1.6287 3.6237
4.2824 6.3843
2.8593 4.7651
4.3144 6.4862
8.3015 10.3188
2.5586 4.6543
7.0591 9.1725
4.6408 6.6928
0.2702 2.0871
5.7029 7.6798
8.0414 10.0879
9.2127 11.3341
8.3540 10.3821
7.0981 9.1856
7.9804 9.8692
8.1482 10.1108
2.0806 4.0534
8.4879 10.5402
2.1108 4.0669
9.1681 10.9988
5.7808 7.8260
1.1817 3.1891
2.2793 4.3992
0.9553 2.8378
8.0791 10.0420
8.2658 10.2648
1.4194 3.5193
5.5741 7.6149
1.7477 3.5721
5.6907 7.6865
2.7541 4.6585
2.7508 4.6887
8.4352 10.3999
4.6239 6.6320
3.6194 5.6017
0.0789 1.9689
8.6259 10.6218
2.3263 4.3168
1.3534 3.2826
6.0723 8.0334
6.3111 8.2925
4.8399 6.8047
0.8173 2.8854
6.4632 8.4977
4.2707 6.4874
0.4195 2.2767
6.1607 8.2359
3.4016 5.2340
9.4479 11.3980
8.8455 10.8683
5.1566 7.2054
2.1180 3.9013
9.9038 11.8195
6.4177 8.4584
3.0406 4.9016
4.7399 6.6980
5.1204 7.0602
9.3645 11.4170
2.8945 4.6836
4.5110 6.5215
5.0555 7.1955
7.9577 9.8610
8.2573 10.2056
0.4340 2.4974
1.3578 3.4115
4.8988 6.8018
5.2676 7.3373
1.5922 3.6620
9.6861 11.6836
3.3189 5.2835
4.9344 6.9517
0.4371 2.4684
2.2969 4.3042
6.8434 8.8934
0.1682 2.0409
1.7324 3.7372
9.2514 11.1486
3.0097 4.9344
0.9885 3.0949
3.2561 5.2387
3.5831 5.5618
7.2336 9.3517
0.8895 2.7411
4.7963 6.8346
0.9984 2.9942
0.0375 2.0336
8.2766 10.3000
6.6864 8.8105
4.6918 6.6734
6.8996 8.8254
6.7167 8.6997
7.9987 10.0025
7.7396 9.7720
9.9490 11.9426
4.9480 6.9075
8.3695 10.3257
7.3864 9.3936
0.8427 2.8067
8.2446 10.1863
2.9988 4.8658
3.0480 5.0772
4.4915 6.3972
0.6322 2.4605
9.8436 11.8873
3.6225 5.4880
4.9671 6.8077
6.8965 8.7151
3.0661 4.9256
5.4184 7.2663
7.1918 9.1368
9.7183 11.6864
4.7867 6.7951
9.2328 11.1043
8.1992 10.1275
7.7151 9.7153
5.6506 7.6761
5.6306 7.5213
0.2312 2.2014
8.6108 10.6201
7.9382 9.8534
9.0860 11.0156
9.4470 11.4696
4.6079 6.5198
9.0833 11.1862
2.7402 4.7398
4.8435 6.8902
1.1147 3.0274
2.0760 4.1718
3.6511 5.6055
2.5109 4.5312
3.7210 5.6037
